
events.js:72
        throw er; // Unhandled 'error' event
              ^
Error: listen EADDRINUSE
    at errnoException (net.js:901:11)
    at Server._listen2 (net.js:1039:14)
    at listen (net.js:1061:10)
    at Server.listen (net.js:1135:5)
    at Object.<anonymous> (/root/node/policyserver/policyserver.js:28:8)
    at Module._compile (module.js:456:26)
    at Object.Module._extensions..js (module.js:474:10)
    at Module.load (module.js:356:32)
    at Function.Module._load (module.js:312:12)
    at Function.Module.runMain (module.js:497:10)
Policy Server listening
Policy Server listening
Client connected: 88.95.16.63
Wrote policy file
Client connected: 88.95.16.63
Wrote policy file
Client connected: 109.108.217.2
Wrote policy file
Client connected: 88.95.16.63
Wrote policy file
